ARM GAS  C:\Users\mphoc\AppData\Local\Temp\ccqAfgct.s 			page 1


   1              		.cpu cortex-m0
   2              		.arch armv6s-m
   3              		.fpu softvfp
   4              		.eabi_attribute 20, 1
   5              		.eabi_attribute 21, 1
   6              		.eabi_attribute 23, 3
   7              		.eabi_attribute 24, 1
   8              		.eabi_attribute 25, 1
   9              		.eabi_attribute 26, 1
  10              		.eabi_attribute 30, 1
  11              		.eabi_attribute 34, 0
  12              		.eabi_attribute 18, 4
  13              		.file	"main.c"
  14              		.text
  15              	.Ltext0:
  16              		.cfi_sections	.debug_frame
  17              		.file 1 "Core/Src/main.c"
  18              		.section	.text.MX_GPIO_Init,"ax",%progbits
  19              		.align	1
  20              		.syntax unified
  21              		.code	16
  22              		.thumb_func
  24              	MX_GPIO_Init:
  25              	.LFB346:
   1:Core/Src/main.c **** #include "main.h"
   2:Core/Src/main.c **** #include <stdint.h>
   3:Core/Src/main.c **** #include "stm32f0xx.h"
   4:Core/Src/main.c **** 
   5:Core/Src/main.c **** // Define the LED patterns
   6:Core/Src/main.c **** const uint8_t ledPatterns[9][8] = {
   7:Core/Src/main.c ****     {1, 1, 1, 0, 1, 0, 0, 1},
   8:Core/Src/main.c ****     {1, 1, 0, 1, 0, 0, 1, 0},
   9:Core/Src/main.c ****     {1, 0, 1, 0, 0, 1, 0, 0},
  10:Core/Src/main.c ****     {0, 1, 0, 0, 1, 0, 0, 0},
  11:Core/Src/main.c ****     {1, 0, 0, 1, 0, 0, 0, 0},
  12:Core/Src/main.c ****     {0, 0, 1, 0, 0, 0, 0, 0},
  13:Core/Src/main.c ****     {0, 1, 0, 0, 0, 0, 0, 0},
  14:Core/Src/main.c ****     {1, 0, 0, 0, 0, 0, 0, 0},
  15:Core/Src/main.c ****     {0, 0, 0, 0, 0, 0, 0, 0}
  16:Core/Src/main.c **** };
  17:Core/Src/main.c **** 
  18:Core/Src/main.c **** volatile uint8_t currentPattern = 0;
  19:Core/Src/main.c **** 
  20:Core/Src/main.c **** TIM_HandleTypeDef htim16;
  21:Core/Src/main.c **** volatile uint32_t delay = 1000; // Initial delay set to 1 second
  22:Core/Src/main.c **** 
  23:Core/Src/main.c **** void SystemClock_Config(void);
  24:Core/Src/main.c **** static void MX_GPIO_Init(void);
  25:Core/Src/main.c **** static void MX_TIM16_Init(void);
  26:Core/Src/main.c **** void updateLEDs(uint8_t pattern);
  27:Core/Src/main.c **** void setTimerDelay(uint32_t delay);
  28:Core/Src/main.c **** 
  29:Core/Src/main.c **** int main(void)
  30:Core/Src/main.c **** {
  31:Core/Src/main.c ****     HAL_Init();
  32:Core/Src/main.c ****     SystemClock_Config();
  33:Core/Src/main.c ****     MX_GPIO_Init();
ARM GAS  C:\Users\mphoc\AppData\Local\Temp\ccqAfgct.s 			page 2


  34:Core/Src/main.c ****     MX_TIM16_Init();
  35:Core/Src/main.c **** 
  36:Core/Src/main.c ****     HAL_TIM_Base_Start_IT(&htim16);
  37:Core/Src/main.c **** 
  38:Core/Src/main.c ****     while (1)
  39:Core/Src/main.c ****     {
  40:Core/Src/main.c ****         // Main loop is empty as everything is handled in interrupts
  41:Core/Src/main.c ****     }
  42:Core/Src/main.c **** }
  43:Core/Src/main.c **** 
  44:Core/Src/main.c **** void SystemClock_Config(void)
  45:Core/Src/main.c **** {
  46:Core/Src/main.c ****     // Your existing SystemClock_Config implementation
  47:Core/Src/main.c **** }
  48:Core/Src/main.c **** 
  49:Core/Src/main.c **** static void MX_TIM16_Init(void)
  50:Core/Src/main.c **** {
  51:Core/Src/main.c ****     htim16.Instance = TIM16;
  52:Core/Src/main.c ****     htim16.Init.Prescaler = 8000 - 1;
  53:Core/Src/main.c ****     htim16.Init.CounterMode = TIM_COUNTERMODE_UP;
  54:Core/Src/main.c ****     htim16.Init.Period = delay - 1;
  55:Core/Src/main.c ****     htim16.Init.ClockDivision = TIM_CLOCKDIVISION_DIV1;
  56:Core/Src/main.c ****     htim16.Init.RepetitionCounter = 0;
  57:Core/Src/main.c ****     htim16.Init.AutoReloadPreload = TIM_AUTORELOAD_PRELOAD_ENABLE;
  58:Core/Src/main.c ****     if (HAL_TIM_Base_Init(&htim16) != HAL_OK)
  59:Core/Src/main.c ****     {
  60:Core/Src/main.c ****         Error_Handler();
  61:Core/Src/main.c ****     }
  62:Core/Src/main.c ****     HAL_NVIC_SetPriority(TIM16_IRQn, 0, 0);
  63:Core/Src/main.c ****     HAL_NVIC_EnableIRQ(TIM16_IRQn);
  64:Core/Src/main.c **** }
  65:Core/Src/main.c **** 
  66:Core/Src/main.c **** static void MX_GPIO_Init(void)
  67:Core/Src/main.c **** {
  26              		.loc 1 67 1 view -0
  27              		.cfi_startproc
  28              		@ args = 0, pretend = 0, frame = 32
  29              		@ frame_needed = 0, uses_anonymous_args = 0
  30 0000 10B5     		push	{r4, lr}
  31              	.LCFI0:
  32              		.cfi_def_cfa_offset 8
  33              		.cfi_offset 4, -8
  34              		.cfi_offset 14, -4
  35 0002 88B0     		sub	sp, sp, #32
  36              	.LCFI1:
  37              		.cfi_def_cfa_offset 40
  68:Core/Src/main.c ****     GPIO_InitTypeDef GPIO_InitStruct = {0};
  38              		.loc 1 68 5 view .LVU1
  39              		.loc 1 68 22 is_stmt 0 view .LVU2
  40 0004 1422     		movs	r2, #20
  41 0006 0021     		movs	r1, #0
  42 0008 03A8     		add	r0, sp, #12
  43 000a FFF7FEFF 		bl	memset
  44              	.LVL0:
  69:Core/Src/main.c **** 
  70:Core/Src/main.c ****     __HAL_RCC_GPIOB_CLK_ENABLE();
  45              		.loc 1 70 5 is_stmt 1 view .LVU3
ARM GAS  C:\Users\mphoc\AppData\Local\Temp\ccqAfgct.s 			page 3


  46              	.LBB4:
  47              		.loc 1 70 5 view .LVU4
  48              		.loc 1 70 5 view .LVU5
  49 000e 1C4B     		ldr	r3, .L2
  50 0010 5A69     		ldr	r2, [r3, #20]
  51 0012 8021     		movs	r1, #128
  52 0014 C902     		lsls	r1, r1, #11
  53 0016 0A43     		orrs	r2, r1
  54 0018 5A61     		str	r2, [r3, #20]
  55              		.loc 1 70 5 view .LVU6
  56 001a 5A69     		ldr	r2, [r3, #20]
  57 001c 0A40     		ands	r2, r1
  58 001e 0192     		str	r2, [sp, #4]
  59              		.loc 1 70 5 view .LVU7
  60 0020 019A     		ldr	r2, [sp, #4]
  61              	.LBE4:
  62              		.loc 1 70 5 view .LVU8
  71:Core/Src/main.c ****     __HAL_RCC_GPIOA_CLK_ENABLE();
  63              		.loc 1 71 5 view .LVU9
  64              	.LBB5:
  65              		.loc 1 71 5 view .LVU10
  66              		.loc 1 71 5 view .LVU11
  67 0022 5A69     		ldr	r2, [r3, #20]
  68 0024 8021     		movs	r1, #128
  69 0026 8902     		lsls	r1, r1, #10
  70 0028 0A43     		orrs	r2, r1
  71 002a 5A61     		str	r2, [r3, #20]
  72              		.loc 1 71 5 view .LVU12
  73 002c 5B69     		ldr	r3, [r3, #20]
  74 002e 0B40     		ands	r3, r1
  75 0030 0293     		str	r3, [sp, #8]
  76              		.loc 1 71 5 view .LVU13
  77 0032 029B     		ldr	r3, [sp, #8]
  78              	.LBE5:
  79              		.loc 1 71 5 view .LVU14
  72:Core/Src/main.c **** 
  73:Core/Src/main.c ****     // Initialize LED pins (PB0-PB7)
  74:Core/Src/main.c ****     GPIO_InitStruct.Pin = GPIO_PIN_0|GPIO_PIN_1|GPIO_PIN_2|GPIO_PIN_3
  80              		.loc 1 74 5 view .LVU15
  81              		.loc 1 74 25 is_stmt 0 view .LVU16
  82 0034 FF23     		movs	r3, #255
  83 0036 0393     		str	r3, [sp, #12]
  75:Core/Src/main.c ****                           |GPIO_PIN_4|GPIO_PIN_5|GPIO_PIN_6|GPIO_PIN_7;
  76:Core/Src/main.c ****     GPIO_InitStruct.Mode = GPIO_MODE_OUTPUT_PP;
  84              		.loc 1 76 5 is_stmt 1 view .LVU17
  85              		.loc 1 76 26 is_stmt 0 view .LVU18
  86 0038 0124     		movs	r4, #1
  87 003a 0494     		str	r4, [sp, #16]
  77:Core/Src/main.c ****     GPIO_InitStruct.Pull = GPIO_NOPULL;
  88              		.loc 1 77 5 is_stmt 1 view .LVU19
  78:Core/Src/main.c ****     GPIO_InitStruct.Speed = GPIO_SPEED_FREQ_LOW;
  89              		.loc 1 78 5 view .LVU20
  79:Core/Src/main.c ****     HAL_GPIO_Init(GPIOB, &GPIO_InitStruct);
  90              		.loc 1 79 5 view .LVU21
  91 003c 03A9     		add	r1, sp, #12
  92 003e 1148     		ldr	r0, .L2+4
  93 0040 FFF7FEFF 		bl	HAL_GPIO_Init
ARM GAS  C:\Users\mphoc\AppData\Local\Temp\ccqAfgct.s 			page 4


  94              	.LVL1:
  80:Core/Src/main.c **** 
  81:Core/Src/main.c ****     // Initialize button pins (PA0-PA3)
  82:Core/Src/main.c ****     GPIO_InitStruct.Pin = GPIO_PIN_0|GPIO_PIN_1|GPIO_PIN_2|GPIO_PIN_3;
  95              		.loc 1 82 5 view .LVU22
  96              		.loc 1 82 25 is_stmt 0 view .LVU23
  97 0044 0F23     		movs	r3, #15
  98 0046 0393     		str	r3, [sp, #12]
  83:Core/Src/main.c ****     GPIO_InitStruct.Mode = GPIO_MODE_IT_FALLING;
  99              		.loc 1 83 5 is_stmt 1 view .LVU24
 100              		.loc 1 83 26 is_stmt 0 view .LVU25
 101 0048 8423     		movs	r3, #132
 102 004a 9B03     		lsls	r3, r3, #14
 103 004c 0493     		str	r3, [sp, #16]
  84:Core/Src/main.c ****     GPIO_InitStruct.Pull = GPIO_PULLUP;
 104              		.loc 1 84 5 is_stmt 1 view .LVU26
 105              		.loc 1 84 26 is_stmt 0 view .LVU27
 106 004e 0594     		str	r4, [sp, #20]
  85:Core/Src/main.c ****     HAL_GPIO_Init(GPIOA, &GPIO_InitStruct);
 107              		.loc 1 85 5 is_stmt 1 view .LVU28
 108 0050 9020     		movs	r0, #144
 109 0052 03A9     		add	r1, sp, #12
 110 0054 C005     		lsls	r0, r0, #23
 111 0056 FFF7FEFF 		bl	HAL_GPIO_Init
 112              	.LVL2:
  86:Core/Src/main.c **** 
  87:Core/Src/main.c ****     HAL_NVIC_SetPriority(EXTI0_1_IRQn, 0, 0);
 113              		.loc 1 87 5 view .LVU29
 114 005a 0022     		movs	r2, #0
 115 005c 0021     		movs	r1, #0
 116 005e 0520     		movs	r0, #5
 117 0060 FFF7FEFF 		bl	HAL_NVIC_SetPriority
 118              	.LVL3:
  88:Core/Src/main.c ****     HAL_NVIC_EnableIRQ(EXTI0_1_IRQn);
 119              		.loc 1 88 5 view .LVU30
 120 0064 0520     		movs	r0, #5
 121 0066 FFF7FEFF 		bl	HAL_NVIC_EnableIRQ
 122              	.LVL4:
  89:Core/Src/main.c ****     HAL_NVIC_SetPriority(EXTI2_3_IRQn, 0, 0);
 123              		.loc 1 89 5 view .LVU31
 124 006a 0022     		movs	r2, #0
 125 006c 0021     		movs	r1, #0
 126 006e 0620     		movs	r0, #6
 127 0070 FFF7FEFF 		bl	HAL_NVIC_SetPriority
 128              	.LVL5:
  90:Core/Src/main.c ****     HAL_NVIC_EnableIRQ(EXTI2_3_IRQn);
 129              		.loc 1 90 5 view .LVU32
 130 0074 0620     		movs	r0, #6
 131 0076 FFF7FEFF 		bl	HAL_NVIC_EnableIRQ
 132              	.LVL6:
  91:Core/Src/main.c **** }
 133              		.loc 1 91 1 is_stmt 0 view .LVU33
 134 007a 08B0     		add	sp, sp, #32
 135              		@ sp needed
 136 007c 10BD     		pop	{r4, pc}
 137              	.L3:
 138 007e C046     		.align	2
ARM GAS  C:\Users\mphoc\AppData\Local\Temp\ccqAfgct.s 			page 5


 139              	.L2:
 140 0080 00100240 		.word	1073876992
 141 0084 00040048 		.word	1207960576
 142              		.cfi_endproc
 143              	.LFE346:
 145              		.section	.text.SystemClock_Config,"ax",%progbits
 146              		.align	1
 147              		.global	SystemClock_Config
 148              		.syntax unified
 149              		.code	16
 150              		.thumb_func
 152              	SystemClock_Config:
 153              	.LFB344:
  45:Core/Src/main.c ****     // Your existing SystemClock_Config implementation
 154              		.loc 1 45 1 is_stmt 1 view -0
 155              		.cfi_startproc
 156              		@ args = 0, pretend = 0, frame = 0
 157              		@ frame_needed = 0, uses_anonymous_args = 0
 158              		@ link register save eliminated.
  47:Core/Src/main.c **** 
 159              		.loc 1 47 1 view .LVU35
 160              		@ sp needed
 161 0000 7047     		bx	lr
 162              		.cfi_endproc
 163              	.LFE344:
 165              		.section	.text.updateLEDs,"ax",%progbits
 166              		.align	1
 167              		.global	updateLEDs
 168              		.syntax unified
 169              		.code	16
 170              		.thumb_func
 172              	updateLEDs:
 173              	.LVL7:
 174              	.LFB347:
  92:Core/Src/main.c **** 
  93:Core/Src/main.c **** void updateLEDs(uint8_t pattern)
  94:Core/Src/main.c **** {
 175              		.loc 1 94 1 view -0
 176              		.cfi_startproc
 177              		@ args = 0, pretend = 0, frame = 0
 178              		@ frame_needed = 0, uses_anonymous_args = 0
 179              		.loc 1 94 1 is_stmt 0 view .LVU37
 180 0000 70B5     		push	{r4, r5, r6, lr}
 181              	.LCFI2:
 182              		.cfi_def_cfa_offset 16
 183              		.cfi_offset 4, -16
 184              		.cfi_offset 5, -12
 185              		.cfi_offset 6, -8
 186              		.cfi_offset 14, -4
 187 0002 0500     		movs	r5, r0
  95:Core/Src/main.c ****     for (int i = 0; i < 8; i++)
 188              		.loc 1 95 5 is_stmt 1 view .LVU38
 189              	.LBB6:
 190              		.loc 1 95 10 view .LVU39
 191              	.LVL8:
 192              		.loc 1 95 14 is_stmt 0 view .LVU40
 193 0004 0024     		movs	r4, #0
ARM GAS  C:\Users\mphoc\AppData\Local\Temp\ccqAfgct.s 			page 6


 194              		.loc 1 95 5 view .LVU41
 195 0006 0DE0     		b	.L6
 196              	.LVL9:
 197              	.L7:
  96:Core/Src/main.c ****     {
  97:Core/Src/main.c ****         HAL_GPIO_WritePin(GPIOB, (GPIO_PIN_0 << i), ledPatterns[pattern][i] ? GPIO_PIN_SET : GPIO_P
 198              		.loc 1 97 9 is_stmt 1 discriminator 3 view .LVU42
 199              		.loc 1 97 46 is_stmt 0 discriminator 3 view .LVU43
 200 0008 0121     		movs	r1, #1
 201 000a A140     		lsls	r1, r1, r4
 202              		.loc 1 97 73 discriminator 3 view .LVU44
 203 000c 074B     		ldr	r3, .L8
 204 000e EA00     		lsls	r2, r5, #3
 205 0010 9B18     		adds	r3, r3, r2
 206 0012 1A5D     		ldrb	r2, [r3, r4]
 207              		.loc 1 97 9 discriminator 3 view .LVU45
 208 0014 531E     		subs	r3, r2, #1
 209 0016 9A41     		sbcs	r2, r2, r3
 210 0018 D2B2     		uxtb	r2, r2
 211 001a 89B2     		uxth	r1, r1
 212 001c 0448     		ldr	r0, .L8+4
 213 001e FFF7FEFF 		bl	HAL_GPIO_WritePin
 214              	.LVL10:
  95:Core/Src/main.c ****     for (int i = 0; i < 8; i++)
 215              		.loc 1 95 29 is_stmt 1 discriminator 3 view .LVU46
 216 0022 0134     		adds	r4, r4, #1
 217              	.LVL11:
 218              	.L6:
  95:Core/Src/main.c ****     for (int i = 0; i < 8; i++)
 219              		.loc 1 95 23 discriminator 1 view .LVU47
 220 0024 072C     		cmp	r4, #7
 221 0026 EFDD     		ble	.L7
 222              	.LBE6:
  98:Core/Src/main.c ****     }
  99:Core/Src/main.c **** }
 223              		.loc 1 99 1 is_stmt 0 view .LVU48
 224              		@ sp needed
 225              	.LVL12:
 226              		.loc 1 99 1 view .LVU49
 227 0028 70BD     		pop	{r4, r5, r6, pc}
 228              	.L9:
 229 002a C046     		.align	2
 230              	.L8:
 231 002c 00000000 		.word	ledPatterns
 232 0030 00040048 		.word	1207960576
 233              		.cfi_endproc
 234              	.LFE347:
 236              		.section	.text.setTimerDelay,"ax",%progbits
 237              		.align	1
 238              		.global	setTimerDelay
 239              		.syntax unified
 240              		.code	16
 241              		.thumb_func
 243              	setTimerDelay:
 244              	.LVL13:
 245              	.LFB348:
 100:Core/Src/main.c **** 
ARM GAS  C:\Users\mphoc\AppData\Local\Temp\ccqAfgct.s 			page 7


 101:Core/Src/main.c **** void setTimerDelay(uint32_t newDelay)
 102:Core/Src/main.c **** {
 246              		.loc 1 102 1 is_stmt 1 view -0
 247              		.cfi_startproc
 248              		@ args = 0, pretend = 0, frame = 0
 249              		@ frame_needed = 0, uses_anonymous_args = 0
 250              		@ link register save eliminated.
 103:Core/Src/main.c ****     delay = newDelay;
 251              		.loc 1 103 5 view .LVU51
 252              		.loc 1 103 11 is_stmt 0 view .LVU52
 253 0000 054B     		ldr	r3, .L11
 254 0002 1860     		str	r0, [r3]
 104:Core/Src/main.c ****     __HAL_TIM_SET_AUTORELOAD(&htim16, delay - 1);
 255              		.loc 1 104 5 is_stmt 1 view .LVU53
 256              		.loc 1 104 5 view .LVU54
 257 0004 1A68     		ldr	r2, [r3]
 258 0006 0549     		ldr	r1, .L11+4
 259 0008 0868     		ldr	r0, [r1]
 260              	.LVL14:
 261              		.loc 1 104 5 is_stmt 0 view .LVU55
 262 000a 013A     		subs	r2, r2, #1
 263 000c C262     		str	r2, [r0, #44]
 264              	.LVL15:
 265              		.loc 1 104 5 is_stmt 1 view .LVU56
 266 000e 1B68     		ldr	r3, [r3]
 267 0010 013B     		subs	r3, r3, #1
 268 0012 CB60     		str	r3, [r1, #12]
 269              		.loc 1 104 5 view .LVU57
 105:Core/Src/main.c **** }
 270              		.loc 1 105 1 is_stmt 0 view .LVU58
 271              		@ sp needed
 272 0014 7047     		bx	lr
 273              	.L12:
 274 0016 C046     		.align	2
 275              	.L11:
 276 0018 00000000 		.word	delay
 277 001c 00000000 		.word	htim16
 278              		.cfi_endproc
 279              	.LFE348:
 281              		.section	.text.TIM16_IRQHandler,"ax",%progbits
 282              		.align	1
 283              		.global	TIM16_IRQHandler
 284              		.syntax unified
 285              		.code	16
 286              		.thumb_func
 288              	TIM16_IRQHandler:
 289              	.LFB349:
 106:Core/Src/main.c **** 
 107:Core/Src/main.c **** void TIM16_IRQHandler(void)
 108:Core/Src/main.c **** {
 290              		.loc 1 108 1 is_stmt 1 view -0
 291              		.cfi_startproc
 292              		@ args = 0, pretend = 0, frame = 0
 293              		@ frame_needed = 0, uses_anonymous_args = 0
 294 0000 10B5     		push	{r4, lr}
 295              	.LCFI3:
 296              		.cfi_def_cfa_offset 8
ARM GAS  C:\Users\mphoc\AppData\Local\Temp\ccqAfgct.s 			page 8


 297              		.cfi_offset 4, -8
 298              		.cfi_offset 14, -4
 109:Core/Src/main.c ****     HAL_TIM_IRQHandler(&htim16);
 299              		.loc 1 109 5 view .LVU60
 300 0002 0248     		ldr	r0, .L14
 301 0004 FFF7FEFF 		bl	HAL_TIM_IRQHandler
 302              	.LVL16:
 110:Core/Src/main.c **** }
 303              		.loc 1 110 1 is_stmt 0 view .LVU61
 304              		@ sp needed
 305 0008 10BD     		pop	{r4, pc}
 306              	.L15:
 307 000a C046     		.align	2
 308              	.L14:
 309 000c 00000000 		.word	htim16
 310              		.cfi_endproc
 311              	.LFE349:
 313              		.global	__aeabi_idivmod
 314              		.section	.text.HAL_TIM_PeriodElapsedCallback,"ax",%progbits
 315              		.align	1
 316              		.global	HAL_TIM_PeriodElapsedCallback
 317              		.syntax unified
 318              		.code	16
 319              		.thumb_func
 321              	HAL_TIM_PeriodElapsedCallback:
 322              	.LVL17:
 323              	.LFB350:
 111:Core/Src/main.c **** 
 112:Core/Src/main.c **** void HAL_TIM_PeriodElapsedCallback(TIM_HandleTypeDef *htim)
 113:Core/Src/main.c **** {
 324              		.loc 1 113 1 is_stmt 1 view -0
 325              		.cfi_startproc
 326              		@ args = 0, pretend = 0, frame = 0
 327              		@ frame_needed = 0, uses_anonymous_args = 0
 328              		.loc 1 113 1 is_stmt 0 view .LVU63
 329 0000 10B5     		push	{r4, lr}
 330              	.LCFI4:
 331              		.cfi_def_cfa_offset 8
 332              		.cfi_offset 4, -8
 333              		.cfi_offset 14, -4
 114:Core/Src/main.c ****     if (htim->Instance == TIM16)
 334              		.loc 1 114 5 is_stmt 1 view .LVU64
 335              		.loc 1 114 13 is_stmt 0 view .LVU65
 336 0002 0268     		ldr	r2, [r0]
 337              		.loc 1 114 8 view .LVU66
 338 0004 084B     		ldr	r3, .L19
 339 0006 9A42     		cmp	r2, r3
 340 0008 00D0     		beq	.L18
 341              	.LVL18:
 342              	.L16:
 115:Core/Src/main.c ****     {
 116:Core/Src/main.c ****         currentPattern = (currentPattern + 1) % 9;
 117:Core/Src/main.c ****         updateLEDs(currentPattern);
 118:Core/Src/main.c ****     }
 119:Core/Src/main.c **** }
 343              		.loc 1 119 1 view .LVU67
 344              		@ sp needed
ARM GAS  C:\Users\mphoc\AppData\Local\Temp\ccqAfgct.s 			page 9


 345 000a 10BD     		pop	{r4, pc}
 346              	.LVL19:
 347              	.L18:
 116:Core/Src/main.c ****         updateLEDs(currentPattern);
 348              		.loc 1 116 9 is_stmt 1 view .LVU68
 116:Core/Src/main.c ****         updateLEDs(currentPattern);
 349              		.loc 1 116 42 is_stmt 0 view .LVU69
 350 000c 074C     		ldr	r4, .L19+4
 351 000e 2078     		ldrb	r0, [r4]
 352              	.LVL20:
 116:Core/Src/main.c ****         updateLEDs(currentPattern);
 353              		.loc 1 116 42 view .LVU70
 354 0010 0130     		adds	r0, r0, #1
 116:Core/Src/main.c ****         updateLEDs(currentPattern);
 355              		.loc 1 116 47 view .LVU71
 356 0012 0921     		movs	r1, #9
 357 0014 FFF7FEFF 		bl	__aeabi_idivmod
 358              	.LVL21:
 116:Core/Src/main.c ****         updateLEDs(currentPattern);
 359              		.loc 1 116 24 view .LVU72
 360 0018 C9B2     		uxtb	r1, r1
 361 001a 2170     		strb	r1, [r4]
 117:Core/Src/main.c ****     }
 362              		.loc 1 117 9 is_stmt 1 view .LVU73
 363 001c 2078     		ldrb	r0, [r4]
 364 001e C0B2     		uxtb	r0, r0
 365 0020 FFF7FEFF 		bl	updateLEDs
 366              	.LVL22:
 367              		.loc 1 119 1 is_stmt 0 view .LVU74
 368 0024 F1E7     		b	.L16
 369              	.L20:
 370 0026 C046     		.align	2
 371              	.L19:
 372 0028 00440140 		.word	1073824768
 373 002c 00000000 		.word	currentPattern
 374              		.cfi_endproc
 375              	.LFE350:
 377              		.section	.text.EXTI0_1_IRQHandler,"ax",%progbits
 378              		.align	1
 379              		.global	EXTI0_1_IRQHandler
 380              		.syntax unified
 381              		.code	16
 382              		.thumb_func
 384              	EXTI0_1_IRQHandler:
 385              	.LFB351:
 120:Core/Src/main.c **** 
 121:Core/Src/main.c **** void EXTI0_1_IRQHandler(void)
 122:Core/Src/main.c **** {
 386              		.loc 1 122 1 is_stmt 1 view -0
 387              		.cfi_startproc
 388              		@ args = 0, pretend = 0, frame = 0
 389              		@ frame_needed = 0, uses_anonymous_args = 0
 390 0000 10B5     		push	{r4, lr}
 391              	.LCFI5:
 392              		.cfi_def_cfa_offset 8
 393              		.cfi_offset 4, -8
 394              		.cfi_offset 14, -4
ARM GAS  C:\Users\mphoc\AppData\Local\Temp\ccqAfgct.s 			page 10


 123:Core/Src/main.c ****     HAL_GPIO_EXTI_IRQHandler(GPIO_PIN_0);
 395              		.loc 1 123 5 view .LVU76
 396 0002 0120     		movs	r0, #1
 397 0004 FFF7FEFF 		bl	HAL_GPIO_EXTI_IRQHandler
 398              	.LVL23:
 124:Core/Src/main.c ****     HAL_GPIO_EXTI_IRQHandler(GPIO_PIN_1);
 399              		.loc 1 124 5 view .LVU77
 400 0008 0220     		movs	r0, #2
 401 000a FFF7FEFF 		bl	HAL_GPIO_EXTI_IRQHandler
 402              	.LVL24:
 125:Core/Src/main.c **** }
 403              		.loc 1 125 1 is_stmt 0 view .LVU78
 404              		@ sp needed
 405 000e 10BD     		pop	{r4, pc}
 406              		.cfi_endproc
 407              	.LFE351:
 409              		.section	.text.EXTI2_3_IRQHandler,"ax",%progbits
 410              		.align	1
 411              		.global	EXTI2_3_IRQHandler
 412              		.syntax unified
 413              		.code	16
 414              		.thumb_func
 416              	EXTI2_3_IRQHandler:
 417              	.LFB352:
 126:Core/Src/main.c **** 
 127:Core/Src/main.c **** void EXTI2_3_IRQHandler(void)
 128:Core/Src/main.c **** {
 418              		.loc 1 128 1 is_stmt 1 view -0
 419              		.cfi_startproc
 420              		@ args = 0, pretend = 0, frame = 0
 421              		@ frame_needed = 0, uses_anonymous_args = 0
 422 0000 10B5     		push	{r4, lr}
 423              	.LCFI6:
 424              		.cfi_def_cfa_offset 8
 425              		.cfi_offset 4, -8
 426              		.cfi_offset 14, -4
 129:Core/Src/main.c ****     HAL_GPIO_EXTI_IRQHandler(GPIO_PIN_2);
 427              		.loc 1 129 5 view .LVU80
 428 0002 0420     		movs	r0, #4
 429 0004 FFF7FEFF 		bl	HAL_GPIO_EXTI_IRQHandler
 430              	.LVL25:
 130:Core/Src/main.c ****     HAL_GPIO_EXTI_IRQHandler(GPIO_PIN_3);
 431              		.loc 1 130 5 view .LVU81
 432 0008 0820     		movs	r0, #8
 433 000a FFF7FEFF 		bl	HAL_GPIO_EXTI_IRQHandler
 434              	.LVL26:
 131:Core/Src/main.c **** }
 435              		.loc 1 131 1 is_stmt 0 view .LVU82
 436              		@ sp needed
 437 000e 10BD     		pop	{r4, pc}
 438              		.cfi_endproc
 439              	.LFE352:
 441              		.section	.text.HAL_GPIO_EXTI_Callback,"ax",%progbits
 442              		.align	1
 443              		.global	HAL_GPIO_EXTI_Callback
 444              		.syntax unified
 445              		.code	16
ARM GAS  C:\Users\mphoc\AppData\Local\Temp\ccqAfgct.s 			page 11


 446              		.thumb_func
 448              	HAL_GPIO_EXTI_Callback:
 449              	.LVL27:
 450              	.LFB353:
 132:Core/Src/main.c **** 
 133:Core/Src/main.c **** void HAL_GPIO_EXTI_Callback(uint16_t GPIO_Pin)
 134:Core/Src/main.c **** {
 451              		.loc 1 134 1 is_stmt 1 view -0
 452              		.cfi_startproc
 453              		@ args = 0, pretend = 0, frame = 0
 454              		@ frame_needed = 0, uses_anonymous_args = 0
 455              		.loc 1 134 1 is_stmt 0 view .LVU84
 456 0000 10B5     		push	{r4, lr}
 457              	.LCFI7:
 458              		.cfi_def_cfa_offset 8
 459              		.cfi_offset 4, -8
 460              		.cfi_offset 14, -4
 135:Core/Src/main.c ****     switch (GPIO_Pin)
 461              		.loc 1 135 5 is_stmt 1 view .LVU85
 462 0002 0428     		cmp	r0, #4
 463 0004 17D0     		beq	.L24
 464 0006 08D8     		bhi	.L25
 465 0008 0128     		cmp	r0, #1
 466 000a 10D0     		beq	.L26
 467 000c 0228     		cmp	r0, #2
 468 000e 11D1     		bne	.L23
 136:Core/Src/main.c ****     {
 137:Core/Src/main.c ****         case GPIO_PIN_0:
 138:Core/Src/main.c ****             setTimerDelay(100); // Set delay to 0.5 seconds
 139:Core/Src/main.c ****             break;
 140:Core/Src/main.c ****         case GPIO_PIN_1:
 141:Core/Src/main.c ****             setTimerDelay(2000); // Set delay to 2 seconds
 469              		.loc 1 141 13 view .LVU86
 470 0010 FA20     		movs	r0, #250
 471              	.LVL28:
 472              		.loc 1 141 13 is_stmt 0 view .LVU87
 473 0012 C000     		lsls	r0, r0, #3
 474 0014 FFF7FEFF 		bl	setTimerDelay
 475              	.LVL29:
 142:Core/Src/main.c ****             break;
 476              		.loc 1 142 13 is_stmt 1 view .LVU88
 477 0018 0CE0     		b	.L23
 478              	.LVL30:
 479              	.L25:
 135:Core/Src/main.c ****     switch (GPIO_Pin)
 480              		.loc 1 135 5 is_stmt 0 view .LVU89
 481 001a 0828     		cmp	r0, #8
 482 001c 0AD1     		bne	.L23
 143:Core/Src/main.c ****         case GPIO_PIN_2:
 144:Core/Src/main.c ****             setTimerDelay(1000); // Set delay to 1 second
 145:Core/Src/main.c ****             break;
 146:Core/Src/main.c ****         case GPIO_PIN_3:
 147:Core/Src/main.c ****             currentPattern = 0; // Reset to the first pattern
 483              		.loc 1 147 13 is_stmt 1 view .LVU90
 484              		.loc 1 147 28 is_stmt 0 view .LVU91
 485 001e 084B     		ldr	r3, .L30
 486 0020 0022     		movs	r2, #0
ARM GAS  C:\Users\mphoc\AppData\Local\Temp\ccqAfgct.s 			page 12


 487 0022 1A70     		strb	r2, [r3]
 148:Core/Src/main.c ****             updateLEDs(currentPattern);
 488              		.loc 1 148 13 is_stmt 1 view .LVU92
 489 0024 1878     		ldrb	r0, [r3]
 490              	.LVL31:
 491              		.loc 1 148 13 is_stmt 0 view .LVU93
 492 0026 C0B2     		uxtb	r0, r0
 493 0028 FFF7FEFF 		bl	updateLEDs
 494              	.LVL32:
 149:Core/Src/main.c ****             break;
 495              		.loc 1 149 13 is_stmt 1 view .LVU94
 150:Core/Src/main.c ****     }
 151:Core/Src/main.c **** }
 496              		.loc 1 151 1 is_stmt 0 view .LVU95
 497 002c 02E0     		b	.L23
 498              	.LVL33:
 499              	.L26:
 138:Core/Src/main.c ****             break;
 500              		.loc 1 138 13 is_stmt 1 view .LVU96
 501 002e 6420     		movs	r0, #100
 502              	.LVL34:
 138:Core/Src/main.c ****             break;
 503              		.loc 1 138 13 is_stmt 0 view .LVU97
 504 0030 FFF7FEFF 		bl	setTimerDelay
 505              	.LVL35:
 139:Core/Src/main.c ****         case GPIO_PIN_1:
 506              		.loc 1 139 13 is_stmt 1 view .LVU98
 507              	.L23:
 508              		.loc 1 151 1 is_stmt 0 view .LVU99
 509              		@ sp needed
 510 0034 10BD     		pop	{r4, pc}
 511              	.LVL36:
 512              	.L24:
 144:Core/Src/main.c ****             break;
 513              		.loc 1 144 13 is_stmt 1 view .LVU100
 514 0036 FA20     		movs	r0, #250
 515              	.LVL37:
 144:Core/Src/main.c ****             break;
 516              		.loc 1 144 13 is_stmt 0 view .LVU101
 517 0038 8000     		lsls	r0, r0, #2
 518 003a FFF7FEFF 		bl	setTimerDelay
 519              	.LVL38:
 145:Core/Src/main.c ****         case GPIO_PIN_3:
 520              		.loc 1 145 13 is_stmt 1 view .LVU102
 521 003e F9E7     		b	.L23
 522              	.L31:
 523              		.align	2
 524              	.L30:
 525 0040 00000000 		.word	currentPattern
 526              		.cfi_endproc
 527              	.LFE353:
 529              		.section	.text.Error_Handler,"ax",%progbits
 530              		.align	1
 531              		.global	Error_Handler
 532              		.syntax unified
 533              		.code	16
 534              		.thumb_func
ARM GAS  C:\Users\mphoc\AppData\Local\Temp\ccqAfgct.s 			page 13


 536              	Error_Handler:
 537              	.LFB354:
 152:Core/Src/main.c **** 
 153:Core/Src/main.c **** void Error_Handler(void)
 154:Core/Src/main.c **** {
 538              		.loc 1 154 1 view -0
 539              		.cfi_startproc
 540              		@ Volatile: function does not return.
 541              		@ args = 0, pretend = 0, frame = 0
 542              		@ frame_needed = 0, uses_anonymous_args = 0
 543              		@ link register save eliminated.
 155:Core/Src/main.c ****     __disable_irq();
 544              		.loc 1 155 5 view .LVU104
 545              	.LBB7:
 546              	.LBI7:
 547              		.file 2 "Drivers/CMSIS/Include/cmsis_gcc.h"
   1:Drivers/CMSIS/Include/cmsis_gcc.h **** /**************************************************************************//**
   2:Drivers/CMSIS/Include/cmsis_gcc.h ****  * @file     cmsis_gcc.h
   3:Drivers/CMSIS/Include/cmsis_gcc.h ****  * @brief    CMSIS compiler GCC header file
   4:Drivers/CMSIS/Include/cmsis_gcc.h ****  * @version  V5.0.4
   5:Drivers/CMSIS/Include/cmsis_gcc.h ****  * @date     09. April 2018
   6:Drivers/CMSIS/Include/cmsis_gcc.h ****  ******************************************************************************/
   7:Drivers/CMSIS/Include/cmsis_gcc.h **** /*
   8:Drivers/CMSIS/Include/cmsis_gcc.h ****  * Copyright (c) 2009-2018 Arm Limited. All rights reserved.
   9:Drivers/CMSIS/Include/cmsis_gcc.h ****  *
  10:Drivers/CMSIS/Include/cmsis_gcc.h ****  * SPDX-License-Identifier: Apache-2.0
  11:Drivers/CMSIS/Include/cmsis_gcc.h ****  *
  12:Drivers/CMSIS/Include/cmsis_gcc.h ****  * Licensed under the Apache License, Version 2.0 (the License); you may
  13:Drivers/CMSIS/Include/cmsis_gcc.h ****  * not use this file except in compliance with the License.
  14:Drivers/CMSIS/Include/cmsis_gcc.h ****  * You may obtain a copy of the License at
  15:Drivers/CMSIS/Include/cmsis_gcc.h ****  *
  16:Drivers/CMSIS/Include/cmsis_gcc.h ****  * www.apache.org/licenses/LICENSE-2.0
  17:Drivers/CMSIS/Include/cmsis_gcc.h ****  *
  18:Drivers/CMSIS/Include/cmsis_gcc.h ****  * Unless required by applicable law or agreed to in writing, software
  19:Drivers/CMSIS/Include/cmsis_gcc.h ****  * distributed under the License is distributed on an AS IS BASIS, WITHOUT
  20:Drivers/CMSIS/Include/cmsis_gcc.h ****  * WARRANTIES OR CONDITIONS OF ANY KIND, either express or implied.
  21:Drivers/CMSIS/Include/cmsis_gcc.h ****  * See the License for the specific language governing permissions and
  22:Drivers/CMSIS/Include/cmsis_gcc.h ****  * limitations under the License.
  23:Drivers/CMSIS/Include/cmsis_gcc.h ****  */
  24:Drivers/CMSIS/Include/cmsis_gcc.h **** 
  25:Drivers/CMSIS/Include/cmsis_gcc.h **** #ifndef __CMSIS_GCC_H
  26:Drivers/CMSIS/Include/cmsis_gcc.h **** #define __CMSIS_GCC_H
  27:Drivers/CMSIS/Include/cmsis_gcc.h **** 
  28:Drivers/CMSIS/Include/cmsis_gcc.h **** /* ignore some GCC warnings */
  29:Drivers/CMSIS/Include/cmsis_gcc.h **** #pragma GCC diagnostic push
  30:Drivers/CMSIS/Include/cmsis_gcc.h **** #pragma GCC diagnostic ignored "-Wsign-conversion"
  31:Drivers/CMSIS/Include/cmsis_gcc.h **** #pragma GCC diagnostic ignored "-Wconversion"
  32:Drivers/CMSIS/Include/cmsis_gcc.h **** #pragma GCC diagnostic ignored "-Wunused-parameter"
  33:Drivers/CMSIS/Include/cmsis_gcc.h **** 
  34:Drivers/CMSIS/Include/cmsis_gcc.h **** /* Fallback for __has_builtin */
  35:Drivers/CMSIS/Include/cmsis_gcc.h **** #ifndef __has_builtin
  36:Drivers/CMSIS/Include/cmsis_gcc.h ****   #define __has_builtin(x) (0)
  37:Drivers/CMSIS/Include/cmsis_gcc.h **** #endif
  38:Drivers/CMSIS/Include/cmsis_gcc.h **** 
  39:Drivers/CMSIS/Include/cmsis_gcc.h **** /* CMSIS compiler specific defines */
  40:Drivers/CMSIS/Include/cmsis_gcc.h **** #ifndef   __ASM
  41:Drivers/CMSIS/Include/cmsis_gcc.h ****   #define __ASM                                  __asm
ARM GAS  C:\Users\mphoc\AppData\Local\Temp\ccqAfgct.s 			page 14


  42:Drivers/CMSIS/Include/cmsis_gcc.h **** #endif
  43:Drivers/CMSIS/Include/cmsis_gcc.h **** #ifndef   __INLINE
  44:Drivers/CMSIS/Include/cmsis_gcc.h ****   #define __INLINE                               inline
  45:Drivers/CMSIS/Include/cmsis_gcc.h **** #endif
  46:Drivers/CMSIS/Include/cmsis_gcc.h **** #ifndef   __STATIC_INLINE
  47:Drivers/CMSIS/Include/cmsis_gcc.h ****   #define __STATIC_INLINE                        static inline
  48:Drivers/CMSIS/Include/cmsis_gcc.h **** #endif
  49:Drivers/CMSIS/Include/cmsis_gcc.h **** #ifndef   __STATIC_FORCEINLINE                 
  50:Drivers/CMSIS/Include/cmsis_gcc.h ****   #define __STATIC_FORCEINLINE                   __attribute__((always_inline)) static inline
  51:Drivers/CMSIS/Include/cmsis_gcc.h **** #endif                                           
  52:Drivers/CMSIS/Include/cmsis_gcc.h **** #ifndef   __NO_RETURN
  53:Drivers/CMSIS/Include/cmsis_gcc.h ****   #define __NO_RETURN                            __attribute__((__noreturn__))
  54:Drivers/CMSIS/Include/cmsis_gcc.h **** #endif
  55:Drivers/CMSIS/Include/cmsis_gcc.h **** #ifndef   __USED
  56:Drivers/CMSIS/Include/cmsis_gcc.h ****   #define __USED                                 __attribute__((used))
  57:Drivers/CMSIS/Include/cmsis_gcc.h **** #endif
  58:Drivers/CMSIS/Include/cmsis_gcc.h **** #ifndef   __WEAK
  59:Drivers/CMSIS/Include/cmsis_gcc.h ****   #define __WEAK                                 __attribute__((weak))
  60:Drivers/CMSIS/Include/cmsis_gcc.h **** #endif
  61:Drivers/CMSIS/Include/cmsis_gcc.h **** #ifndef   __PACKED
  62:Drivers/CMSIS/Include/cmsis_gcc.h ****   #define __PACKED                               __attribute__((packed, aligned(1)))
  63:Drivers/CMSIS/Include/cmsis_gcc.h **** #endif
  64:Drivers/CMSIS/Include/cmsis_gcc.h **** #ifndef   __PACKED_STRUCT
  65:Drivers/CMSIS/Include/cmsis_gcc.h ****   #define __PACKED_STRUCT                        struct __attribute__((packed, aligned(1)))
  66:Drivers/CMSIS/Include/cmsis_gcc.h **** #endif
  67:Drivers/CMSIS/Include/cmsis_gcc.h **** #ifndef   __PACKED_UNION
  68:Drivers/CMSIS/Include/cmsis_gcc.h ****   #define __PACKED_UNION                         union __attribute__((packed, aligned(1)))
  69:Drivers/CMSIS/Include/cmsis_gcc.h **** #endif
  70:Drivers/CMSIS/Include/cmsis_gcc.h **** #ifndef   __UNALIGNED_UINT32        /* deprecated */
  71:Drivers/CMSIS/Include/cmsis_gcc.h ****   #pragma GCC diagnostic push
  72:Drivers/CMSIS/Include/cmsis_gcc.h ****   #pragma GCC diagnostic ignored "-Wpacked"
  73:Drivers/CMSIS/Include/cmsis_gcc.h ****   #pragma GCC diagnostic ignored "-Wattributes"
  74:Drivers/CMSIS/Include/cmsis_gcc.h ****   struct __attribute__((packed)) T_UINT32 { uint32_t v; };
  75:Drivers/CMSIS/Include/cmsis_gcc.h ****   #pragma GCC diagnostic pop
  76:Drivers/CMSIS/Include/cmsis_gcc.h ****   #define __UNALIGNED_UINT32(x)                  (((struct T_UINT32 *)(x))->v)
  77:Drivers/CMSIS/Include/cmsis_gcc.h **** #endif
  78:Drivers/CMSIS/Include/cmsis_gcc.h **** #ifndef   __UNALIGNED_UINT16_WRITE
  79:Drivers/CMSIS/Include/cmsis_gcc.h ****   #pragma GCC diagnostic push
  80:Drivers/CMSIS/Include/cmsis_gcc.h ****   #pragma GCC diagnostic ignored "-Wpacked"
  81:Drivers/CMSIS/Include/cmsis_gcc.h ****   #pragma GCC diagnostic ignored "-Wattributes"
  82:Drivers/CMSIS/Include/cmsis_gcc.h ****   __PACKED_STRUCT T_UINT16_WRITE { uint16_t v; };
  83:Drivers/CMSIS/Include/cmsis_gcc.h ****   #pragma GCC diagnostic pop
  84:Drivers/CMSIS/Include/cmsis_gcc.h ****   #define __UNALIGNED_UINT16_WRITE(addr, val)    (void)((((struct T_UINT16_WRITE *)(void *)(addr))-
  85:Drivers/CMSIS/Include/cmsis_gcc.h **** #endif
  86:Drivers/CMSIS/Include/cmsis_gcc.h **** #ifndef   __UNALIGNED_UINT16_READ
  87:Drivers/CMSIS/Include/cmsis_gcc.h ****   #pragma GCC diagnostic push
  88:Drivers/CMSIS/Include/cmsis_gcc.h ****   #pragma GCC diagnostic ignored "-Wpacked"
  89:Drivers/CMSIS/Include/cmsis_gcc.h ****   #pragma GCC diagnostic ignored "-Wattributes"
  90:Drivers/CMSIS/Include/cmsis_gcc.h ****   __PACKED_STRUCT T_UINT16_READ { uint16_t v; };
  91:Drivers/CMSIS/Include/cmsis_gcc.h ****   #pragma GCC diagnostic pop
  92:Drivers/CMSIS/Include/cmsis_gcc.h ****   #define __UNALIGNED_UINT16_READ(addr)          (((const struct T_UINT16_READ *)(const void *)(add
  93:Drivers/CMSIS/Include/cmsis_gcc.h **** #endif
  94:Drivers/CMSIS/Include/cmsis_gcc.h **** #ifndef   __UNALIGNED_UINT32_WRITE
  95:Drivers/CMSIS/Include/cmsis_gcc.h ****   #pragma GCC diagnostic push
  96:Drivers/CMSIS/Include/cmsis_gcc.h ****   #pragma GCC diagnostic ignored "-Wpacked"
  97:Drivers/CMSIS/Include/cmsis_gcc.h ****   #pragma GCC diagnostic ignored "-Wattributes"
  98:Drivers/CMSIS/Include/cmsis_gcc.h ****   __PACKED_STRUCT T_UINT32_WRITE { uint32_t v; };
ARM GAS  C:\Users\mphoc\AppData\Local\Temp\ccqAfgct.s 			page 15


  99:Drivers/CMSIS/Include/cmsis_gcc.h ****   #pragma GCC diagnostic pop
 100:Drivers/CMSIS/Include/cmsis_gcc.h ****   #define __UNALIGNED_UINT32_WRITE(addr, val)    (void)((((struct T_UINT32_WRITE *)(void *)(addr))-
 101:Drivers/CMSIS/Include/cmsis_gcc.h **** #endif
 102:Drivers/CMSIS/Include/cmsis_gcc.h **** #ifndef   __UNALIGNED_UINT32_READ
 103:Drivers/CMSIS/Include/cmsis_gcc.h ****   #pragma GCC diagnostic push
 104:Drivers/CMSIS/Include/cmsis_gcc.h ****   #pragma GCC diagnostic ignored "-Wpacked"
 105:Drivers/CMSIS/Include/cmsis_gcc.h ****   #pragma GCC diagnostic ignored "-Wattributes"
 106:Drivers/CMSIS/Include/cmsis_gcc.h ****   __PACKED_STRUCT T_UINT32_READ { uint32_t v; };
 107:Drivers/CMSIS/Include/cmsis_gcc.h ****   #pragma GCC diagnostic pop
 108:Drivers/CMSIS/Include/cmsis_gcc.h ****   #define __UNALIGNED_UINT32_READ(addr)          (((const struct T_UINT32_READ *)(const void *)(add
 109:Drivers/CMSIS/Include/cmsis_gcc.h **** #endif
 110:Drivers/CMSIS/Include/cmsis_gcc.h **** #ifndef   __ALIGNED
 111:Drivers/CMSIS/Include/cmsis_gcc.h ****   #define __ALIGNED(x)                           __attribute__((aligned(x)))
 112:Drivers/CMSIS/Include/cmsis_gcc.h **** #endif
 113:Drivers/CMSIS/Include/cmsis_gcc.h **** #ifndef   __RESTRICT
 114:Drivers/CMSIS/Include/cmsis_gcc.h ****   #define __RESTRICT                             __restrict
 115:Drivers/CMSIS/Include/cmsis_gcc.h **** #endif
 116:Drivers/CMSIS/Include/cmsis_gcc.h **** 
 117:Drivers/CMSIS/Include/cmsis_gcc.h **** 
 118:Drivers/CMSIS/Include/cmsis_gcc.h **** /* ###########################  Core Function Access  ########################### */
 119:Drivers/CMSIS/Include/cmsis_gcc.h **** /** \ingroup  CMSIS_Core_FunctionInterface
 120:Drivers/CMSIS/Include/cmsis_gcc.h ****     \defgroup CMSIS_Core_RegAccFunctions CMSIS Core Register Access Functions
 121:Drivers/CMSIS/Include/cmsis_gcc.h ****   @{
 122:Drivers/CMSIS/Include/cmsis_gcc.h ****  */
 123:Drivers/CMSIS/Include/cmsis_gcc.h **** 
 124:Drivers/CMSIS/Include/cmsis_gcc.h **** /**
 125:Drivers/CMSIS/Include/cmsis_gcc.h ****   \brief   Enable IRQ Interrupts
 126:Drivers/CMSIS/Include/cmsis_gcc.h ****   \details Enables IRQ interrupts by clearing the I-bit in the CPSR.
 127:Drivers/CMSIS/Include/cmsis_gcc.h ****            Can only be executed in Privileged modes.
 128:Drivers/CMSIS/Include/cmsis_gcc.h ****  */
 129:Drivers/CMSIS/Include/cmsis_gcc.h **** __STATIC_FORCEINLINE void __enable_irq(void)
 130:Drivers/CMSIS/Include/cmsis_gcc.h **** {
 131:Drivers/CMSIS/Include/cmsis_gcc.h ****   __ASM volatile ("cpsie i" : : : "memory");
 132:Drivers/CMSIS/Include/cmsis_gcc.h **** }
 133:Drivers/CMSIS/Include/cmsis_gcc.h **** 
 134:Drivers/CMSIS/Include/cmsis_gcc.h **** 
 135:Drivers/CMSIS/Include/cmsis_gcc.h **** /**
 136:Drivers/CMSIS/Include/cmsis_gcc.h ****   \brief   Disable IRQ Interrupts
 137:Drivers/CMSIS/Include/cmsis_gcc.h ****   \details Disables IRQ interrupts by setting the I-bit in the CPSR.
 138:Drivers/CMSIS/Include/cmsis_gcc.h ****            Can only be executed in Privileged modes.
 139:Drivers/CMSIS/Include/cmsis_gcc.h ****  */
 140:Drivers/CMSIS/Include/cmsis_gcc.h **** __STATIC_FORCEINLINE void __disable_irq(void)
 548              		.loc 2 140 27 view .LVU105
 549              	.LBB8:
 141:Drivers/CMSIS/Include/cmsis_gcc.h **** {
 142:Drivers/CMSIS/Include/cmsis_gcc.h ****   __ASM volatile ("cpsid i" : : : "memory");
 550              		.loc 2 142 3 view .LVU106
 551              		.syntax divided
 552              	@ 142 "Drivers/CMSIS/Include/cmsis_gcc.h" 1
 553 0000 72B6     		cpsid i
 554              	@ 0 "" 2
 555              		.thumb
 556              		.syntax unified
 557              	.L33:
 558              	.LBE8:
 559              	.LBE7:
 156:Core/Src/main.c ****     while (1)
ARM GAS  C:\Users\mphoc\AppData\Local\Temp\ccqAfgct.s 			page 16


 560              		.loc 1 156 5 discriminator 1 view .LVU107
 157:Core/Src/main.c ****     {
 158:Core/Src/main.c ****     }
 561              		.loc 1 158 5 discriminator 1 view .LVU108
 156:Core/Src/main.c ****     while (1)
 562              		.loc 1 156 11 discriminator 1 view .LVU109
 563 0002 FEE7     		b	.L33
 564              		.cfi_endproc
 565              	.LFE354:
 567              		.section	.text.MX_TIM16_Init,"ax",%progbits
 568              		.align	1
 569              		.syntax unified
 570              		.code	16
 571              		.thumb_func
 573              	MX_TIM16_Init:
 574              	.LFB345:
  50:Core/Src/main.c ****     htim16.Instance = TIM16;
 575              		.loc 1 50 1 view -0
 576              		.cfi_startproc
 577              		@ args = 0, pretend = 0, frame = 0
 578              		@ frame_needed = 0, uses_anonymous_args = 0
 579 0000 10B5     		push	{r4, lr}
 580              	.LCFI8:
 581              		.cfi_def_cfa_offset 8
 582              		.cfi_offset 4, -8
 583              		.cfi_offset 14, -4
  51:Core/Src/main.c ****     htim16.Init.Prescaler = 8000 - 1;
 584              		.loc 1 51 5 view .LVU111
  51:Core/Src/main.c ****     htim16.Init.Prescaler = 8000 - 1;
 585              		.loc 1 51 21 is_stmt 0 view .LVU112
 586 0002 0F48     		ldr	r0, .L37
 587 0004 0F4B     		ldr	r3, .L37+4
 588 0006 0360     		str	r3, [r0]
  52:Core/Src/main.c ****     htim16.Init.CounterMode = TIM_COUNTERMODE_UP;
 589              		.loc 1 52 5 is_stmt 1 view .LVU113
  52:Core/Src/main.c ****     htim16.Init.CounterMode = TIM_COUNTERMODE_UP;
 590              		.loc 1 52 27 is_stmt 0 view .LVU114
 591 0008 0F4B     		ldr	r3, .L37+8
 592 000a 4360     		str	r3, [r0, #4]
  53:Core/Src/main.c ****     htim16.Init.Period = delay - 1;
 593              		.loc 1 53 5 is_stmt 1 view .LVU115
  53:Core/Src/main.c ****     htim16.Init.Period = delay - 1;
 594              		.loc 1 53 29 is_stmt 0 view .LVU116
 595 000c 0023     		movs	r3, #0
 596 000e 8360     		str	r3, [r0, #8]
  54:Core/Src/main.c ****     htim16.Init.ClockDivision = TIM_CLOCKDIVISION_DIV1;
 597              		.loc 1 54 5 is_stmt 1 view .LVU117
  54:Core/Src/main.c ****     htim16.Init.ClockDivision = TIM_CLOCKDIVISION_DIV1;
 598              		.loc 1 54 32 is_stmt 0 view .LVU118
 599 0010 0E4A     		ldr	r2, .L37+12
 600 0012 1268     		ldr	r2, [r2]
 601 0014 013A     		subs	r2, r2, #1
  54:Core/Src/main.c ****     htim16.Init.ClockDivision = TIM_CLOCKDIVISION_DIV1;
 602              		.loc 1 54 24 view .LVU119
 603 0016 C260     		str	r2, [r0, #12]
  55:Core/Src/main.c ****     htim16.Init.RepetitionCounter = 0;
 604              		.loc 1 55 5 is_stmt 1 view .LVU120
ARM GAS  C:\Users\mphoc\AppData\Local\Temp\ccqAfgct.s 			page 17


  55:Core/Src/main.c ****     htim16.Init.RepetitionCounter = 0;
 605              		.loc 1 55 31 is_stmt 0 view .LVU121
 606 0018 0361     		str	r3, [r0, #16]
  56:Core/Src/main.c ****     htim16.Init.AutoReloadPreload = TIM_AUTORELOAD_PRELOAD_ENABLE;
 607              		.loc 1 56 5 is_stmt 1 view .LVU122
  56:Core/Src/main.c ****     htim16.Init.AutoReloadPreload = TIM_AUTORELOAD_PRELOAD_ENABLE;
 608              		.loc 1 56 35 is_stmt 0 view .LVU123
 609 001a 4361     		str	r3, [r0, #20]
  57:Core/Src/main.c ****     if (HAL_TIM_Base_Init(&htim16) != HAL_OK)
 610              		.loc 1 57 5 is_stmt 1 view .LVU124
  57:Core/Src/main.c ****     if (HAL_TIM_Base_Init(&htim16) != HAL_OK)
 611              		.loc 1 57 35 is_stmt 0 view .LVU125
 612 001c 8033     		adds	r3, r3, #128
 613 001e 8361     		str	r3, [r0, #24]
  58:Core/Src/main.c ****     {
 614              		.loc 1 58 5 is_stmt 1 view .LVU126
  58:Core/Src/main.c ****     {
 615              		.loc 1 58 9 is_stmt 0 view .LVU127
 616 0020 FFF7FEFF 		bl	HAL_TIM_Base_Init
 617              	.LVL39:
  58:Core/Src/main.c ****     {
 618              		.loc 1 58 8 view .LVU128
 619 0024 0028     		cmp	r0, #0
 620 0026 08D1     		bne	.L36
  62:Core/Src/main.c ****     HAL_NVIC_EnableIRQ(TIM16_IRQn);
 621              		.loc 1 62 5 is_stmt 1 view .LVU129
 622 0028 0022     		movs	r2, #0
 623 002a 0021     		movs	r1, #0
 624 002c 1520     		movs	r0, #21
 625 002e FFF7FEFF 		bl	HAL_NVIC_SetPriority
 626              	.LVL40:
  63:Core/Src/main.c **** }
 627              		.loc 1 63 5 view .LVU130
 628 0032 1520     		movs	r0, #21
 629 0034 FFF7FEFF 		bl	HAL_NVIC_EnableIRQ
 630              	.LVL41:
  64:Core/Src/main.c **** 
 631              		.loc 1 64 1 is_stmt 0 view .LVU131
 632              		@ sp needed
 633 0038 10BD     		pop	{r4, pc}
 634              	.L36:
  60:Core/Src/main.c ****     }
 635              		.loc 1 60 9 is_stmt 1 view .LVU132
 636 003a FFF7FEFF 		bl	Error_Handler
 637              	.LVL42:
 638              	.L38:
 639 003e C046     		.align	2
 640              	.L37:
 641 0040 00000000 		.word	htim16
 642 0044 00440140 		.word	1073824768
 643 0048 3F1F0000 		.word	7999
 644 004c 00000000 		.word	delay
 645              		.cfi_endproc
 646              	.LFE345:
 648              		.section	.text.main,"ax",%progbits
 649              		.align	1
 650              		.global	main
ARM GAS  C:\Users\mphoc\AppData\Local\Temp\ccqAfgct.s 			page 18


 651              		.syntax unified
 652              		.code	16
 653              		.thumb_func
 655              	main:
 656              	.LFB343:
  30:Core/Src/main.c ****     HAL_Init();
 657              		.loc 1 30 1 view -0
 658              		.cfi_startproc
 659              		@ Volatile: function does not return.
 660              		@ args = 0, pretend = 0, frame = 0
 661              		@ frame_needed = 0, uses_anonymous_args = 0
 662 0000 10B5     		push	{r4, lr}
 663              	.LCFI9:
 664              		.cfi_def_cfa_offset 8
 665              		.cfi_offset 4, -8
 666              		.cfi_offset 14, -4
  31:Core/Src/main.c ****     SystemClock_Config();
 667              		.loc 1 31 5 view .LVU134
 668 0002 FFF7FEFF 		bl	HAL_Init
 669              	.LVL43:
  32:Core/Src/main.c ****     MX_GPIO_Init();
 670              		.loc 1 32 5 view .LVU135
  33:Core/Src/main.c ****     MX_TIM16_Init();
 671              		.loc 1 33 5 view .LVU136
 672 0006 FFF7FEFF 		bl	MX_GPIO_Init
 673              	.LVL44:
  34:Core/Src/main.c **** 
 674              		.loc 1 34 5 view .LVU137
 675 000a FFF7FEFF 		bl	MX_TIM16_Init
 676              	.LVL45:
  36:Core/Src/main.c **** 
 677              		.loc 1 36 5 view .LVU138
 678 000e 0248     		ldr	r0, .L41
 679 0010 FFF7FEFF 		bl	HAL_TIM_Base_Start_IT
 680              	.LVL46:
 681              	.L40:
  38:Core/Src/main.c ****     {
 682              		.loc 1 38 5 discriminator 1 view .LVU139
  41:Core/Src/main.c **** }
 683              		.loc 1 41 5 discriminator 1 view .LVU140
  38:Core/Src/main.c ****     {
 684              		.loc 1 38 11 discriminator 1 view .LVU141
 685 0014 FEE7     		b	.L40
 686              	.L42:
 687 0016 C046     		.align	2
 688              	.L41:
 689 0018 00000000 		.word	htim16
 690              		.cfi_endproc
 691              	.LFE343:
 693              		.global	delay
 694              		.section	.data.delay,"aw"
 695              		.align	2
 698              	delay:
 699 0000 E8030000 		.word	1000
 700              		.global	htim16
 701              		.section	.bss.htim16,"aw",%nobits
 702              		.align	2
ARM GAS  C:\Users\mphoc\AppData\Local\Temp\ccqAfgct.s 			page 19


 705              	htim16:
 706 0000 00000000 		.space	72
 706      00000000 
 706      00000000 
 706      00000000 
 706      00000000 
 707              		.global	currentPattern
 708              		.section	.bss.currentPattern,"aw",%nobits
 711              	currentPattern:
 712 0000 00       		.space	1
 713              		.global	ledPatterns
 714              		.section	.rodata.ledPatterns,"a"
 715              		.align	2
 718              	ledPatterns:
 719 0000 01010100 		.ascii	"\001\001\001\000\001\000\000\001"
 719      01000001 
 720 0008 01010001 		.ascii	"\001\001\000\001\000\000\001\000"
 720      00000100 
 721 0010 01000100 		.ascii	"\001\000\001\000\000\001\000\000"
 721      00010000 
 722 0018 00010000 		.ascii	"\000\001\000\000\001\000\000\000"
 722      01000000 
 723 0020 01000001 		.ascii	"\001\000\000\001\000\000\000\000"
 723      00000000 
 724 0028 00000100 		.ascii	"\000\000\001\000\000\000\000\000"
 724      00000000 
 725 0030 00010000 		.ascii	"\000\001\000\000\000\000\000\000"
 725      00000000 
 726 0038 01000000 		.ascii	"\001\000\000\000\000\000\000\000"
 726      00000000 
 727 0040 00000000 		.ascii	"\000\000\000\000\000\000\000\000"
 727      00000000 
 728              		.text
 729              	.Letext0:
 730              		.file 3 "Drivers/CMSIS/Device/ST/STM32F0xx/Include/stm32f051x8.h"
 731              		.file 4 "C:\\ST\\STM32CubeIDE_1.16.0\\STM32CubeIDE\\plugins\\com.st.stm32cube.ide.mcu.externaltool
 732              		.file 5 "C:\\ST\\STM32CubeIDE_1.16.0\\STM32CubeIDE\\plugins\\com.st.stm32cube.ide.mcu.externaltool
 733              		.file 6 "Drivers/STM32F0xx_HAL_Driver/Inc/stm32f0xx_hal_def.h"
 734              		.file 7 "Drivers/STM32F0xx_HAL_Driver/Inc/stm32f0xx_hal_gpio.h"
 735              		.file 8 "Drivers/STM32F0xx_HAL_Driver/Inc/stm32f0xx_hal_dma.h"
 736              		.file 9 "Drivers/STM32F0xx_HAL_Driver/Inc/stm32f0xx_hal_tim.h"
 737              		.file 10 "Drivers/STM32F0xx_HAL_Driver/Inc/stm32f0xx_hal_cortex.h"
 738              		.file 11 "Drivers/STM32F0xx_HAL_Driver/Inc/stm32f0xx_ll_dma.h"
 739              		.file 12 "Drivers/STM32F0xx_HAL_Driver/Inc/stm32f0xx_hal.h"
 740              		.file 13 "<built-in>"
ARM GAS  C:\Users\mphoc\AppData\Local\Temp\ccqAfgct.s 			page 20


DEFINED SYMBOLS
                            *ABS*:00000000 main.c
C:\Users\mphoc\AppData\Local\Temp\ccqAfgct.s:19     .text.MX_GPIO_Init:00000000 $t
C:\Users\mphoc\AppData\Local\Temp\ccqAfgct.s:24     .text.MX_GPIO_Init:00000000 MX_GPIO_Init
C:\Users\mphoc\AppData\Local\Temp\ccqAfgct.s:140    .text.MX_GPIO_Init:00000080 $d
C:\Users\mphoc\AppData\Local\Temp\ccqAfgct.s:146    .text.SystemClock_Config:00000000 $t
C:\Users\mphoc\AppData\Local\Temp\ccqAfgct.s:152    .text.SystemClock_Config:00000000 SystemClock_Config
C:\Users\mphoc\AppData\Local\Temp\ccqAfgct.s:166    .text.updateLEDs:00000000 $t
C:\Users\mphoc\AppData\Local\Temp\ccqAfgct.s:172    .text.updateLEDs:00000000 updateLEDs
C:\Users\mphoc\AppData\Local\Temp\ccqAfgct.s:231    .text.updateLEDs:0000002c $d
C:\Users\mphoc\AppData\Local\Temp\ccqAfgct.s:718    .rodata.ledPatterns:00000000 ledPatterns
C:\Users\mphoc\AppData\Local\Temp\ccqAfgct.s:237    .text.setTimerDelay:00000000 $t
C:\Users\mphoc\AppData\Local\Temp\ccqAfgct.s:243    .text.setTimerDelay:00000000 setTimerDelay
C:\Users\mphoc\AppData\Local\Temp\ccqAfgct.s:276    .text.setTimerDelay:00000018 $d
C:\Users\mphoc\AppData\Local\Temp\ccqAfgct.s:698    .data.delay:00000000 delay
C:\Users\mphoc\AppData\Local\Temp\ccqAfgct.s:705    .bss.htim16:00000000 htim16
C:\Users\mphoc\AppData\Local\Temp\ccqAfgct.s:282    .text.TIM16_IRQHandler:00000000 $t
C:\Users\mphoc\AppData\Local\Temp\ccqAfgct.s:288    .text.TIM16_IRQHandler:00000000 TIM16_IRQHandler
C:\Users\mphoc\AppData\Local\Temp\ccqAfgct.s:309    .text.TIM16_IRQHandler:0000000c $d
C:\Users\mphoc\AppData\Local\Temp\ccqAfgct.s:315    .text.HAL_TIM_PeriodElapsedCallback:00000000 $t
C:\Users\mphoc\AppData\Local\Temp\ccqAfgct.s:321    .text.HAL_TIM_PeriodElapsedCallback:00000000 HAL_TIM_PeriodElapsedCallback
C:\Users\mphoc\AppData\Local\Temp\ccqAfgct.s:372    .text.HAL_TIM_PeriodElapsedCallback:00000028 $d
C:\Users\mphoc\AppData\Local\Temp\ccqAfgct.s:711    .bss.currentPattern:00000000 currentPattern
C:\Users\mphoc\AppData\Local\Temp\ccqAfgct.s:378    .text.EXTI0_1_IRQHandler:00000000 $t
C:\Users\mphoc\AppData\Local\Temp\ccqAfgct.s:384    .text.EXTI0_1_IRQHandler:00000000 EXTI0_1_IRQHandler
C:\Users\mphoc\AppData\Local\Temp\ccqAfgct.s:410    .text.EXTI2_3_IRQHandler:00000000 $t
C:\Users\mphoc\AppData\Local\Temp\ccqAfgct.s:416    .text.EXTI2_3_IRQHandler:00000000 EXTI2_3_IRQHandler
C:\Users\mphoc\AppData\Local\Temp\ccqAfgct.s:442    .text.HAL_GPIO_EXTI_Callback:00000000 $t
C:\Users\mphoc\AppData\Local\Temp\ccqAfgct.s:448    .text.HAL_GPIO_EXTI_Callback:00000000 HAL_GPIO_EXTI_Callback
C:\Users\mphoc\AppData\Local\Temp\ccqAfgct.s:525    .text.HAL_GPIO_EXTI_Callback:00000040 $d
C:\Users\mphoc\AppData\Local\Temp\ccqAfgct.s:530    .text.Error_Handler:00000000 $t
C:\Users\mphoc\AppData\Local\Temp\ccqAfgct.s:536    .text.Error_Handler:00000000 Error_Handler
C:\Users\mphoc\AppData\Local\Temp\ccqAfgct.s:568    .text.MX_TIM16_Init:00000000 $t
C:\Users\mphoc\AppData\Local\Temp\ccqAfgct.s:573    .text.MX_TIM16_Init:00000000 MX_TIM16_Init
C:\Users\mphoc\AppData\Local\Temp\ccqAfgct.s:641    .text.MX_TIM16_Init:00000040 $d
C:\Users\mphoc\AppData\Local\Temp\ccqAfgct.s:649    .text.main:00000000 $t
C:\Users\mphoc\AppData\Local\Temp\ccqAfgct.s:655    .text.main:00000000 main
C:\Users\mphoc\AppData\Local\Temp\ccqAfgct.s:689    .text.main:00000018 $d
C:\Users\mphoc\AppData\Local\Temp\ccqAfgct.s:695    .data.delay:00000000 $d
C:\Users\mphoc\AppData\Local\Temp\ccqAfgct.s:702    .bss.htim16:00000000 $d
C:\Users\mphoc\AppData\Local\Temp\ccqAfgct.s:712    .bss.currentPattern:00000000 $d
C:\Users\mphoc\AppData\Local\Temp\ccqAfgct.s:715    .rodata.ledPatterns:00000000 $d

UNDEFINED SYMBOLS
memset
HAL_GPIO_Init
HAL_NVIC_SetPriority
HAL_NVIC_EnableIRQ
HAL_GPIO_WritePin
HAL_TIM_IRQHandler
__aeabi_idivmod
HAL_GPIO_EXTI_IRQHandler
HAL_TIM_Base_Init
HAL_Init
HAL_TIM_Base_Start_IT
