ARM GAS  C:\Users\mphoc\AppData\Local\Temp\ccIsCdeP.s 			page 1


   1              		.cpu cortex-m0
   2              		.arch armv6s-m
   3              		.fpu softvfp
   4              		.eabi_attribute 20, 1
   5              		.eabi_attribute 21, 1
   6              		.eabi_attribute 23, 3
   7              		.eabi_attribute 24, 1
   8              		.eabi_attribute 25, 1
   9              		.eabi_attribute 26, 1
  10              		.eabi_attribute 30, 1
  11              		.eabi_attribute 34, 0
  12              		.eabi_attribute 18, 4
  13              		.file	"stm32f0xx_hal_msp.c"
  14              		.text
  15              	.Ltext0:
  16              		.cfi_sections	.debug_frame
  17              		.file 1 "Core/Src/stm32f0xx_hal_msp.c"
  18              		.section	.text.HAL_MspInit,"ax",%progbits
  19              		.align	1
  20              		.global	HAL_MspInit
  21              		.syntax unified
  22              		.code	16
  23              		.thumb_func
  25              	HAL_MspInit:
  26              	.LFB343:
   1:Core/Src/stm32f0xx_hal_msp.c **** /* USER CODE BEGIN Header */
   2:Core/Src/stm32f0xx_hal_msp.c **** /**
   3:Core/Src/stm32f0xx_hal_msp.c ****   ******************************************************************************
   4:Core/Src/stm32f0xx_hal_msp.c ****   * @file         stm32f0xx_hal_msp.c
   5:Core/Src/stm32f0xx_hal_msp.c ****   * @brief        This file provides code for the MSP Initialization
   6:Core/Src/stm32f0xx_hal_msp.c ****   *               and de-Initialization codes.
   7:Core/Src/stm32f0xx_hal_msp.c ****   ******************************************************************************
   8:Core/Src/stm32f0xx_hal_msp.c ****   * @attention
   9:Core/Src/stm32f0xx_hal_msp.c ****   *
  10:Core/Src/stm32f0xx_hal_msp.c ****   * Copyright (c) 2023 STMicroelectronics.
  11:Core/Src/stm32f0xx_hal_msp.c ****   * All rights reserved.
  12:Core/Src/stm32f0xx_hal_msp.c ****   *
  13:Core/Src/stm32f0xx_hal_msp.c ****   * This software is licensed under terms that can be found in the LICENSE file
  14:Core/Src/stm32f0xx_hal_msp.c ****   * in the root directory of this software component.
  15:Core/Src/stm32f0xx_hal_msp.c ****   * If no LICENSE file comes with this software, it is provided AS-IS.
  16:Core/Src/stm32f0xx_hal_msp.c ****   *
  17:Core/Src/stm32f0xx_hal_msp.c ****   ******************************************************************************
  18:Core/Src/stm32f0xx_hal_msp.c ****   */
  19:Core/Src/stm32f0xx_hal_msp.c **** /* USER CODE END Header */
  20:Core/Src/stm32f0xx_hal_msp.c **** 
  21:Core/Src/stm32f0xx_hal_msp.c **** /* Includes ------------------------------------------------------------------*/
  22:Core/Src/stm32f0xx_hal_msp.c **** #include "main.h"
  23:Core/Src/stm32f0xx_hal_msp.c **** /* USER CODE BEGIN Includes */
  24:Core/Src/stm32f0xx_hal_msp.c **** 
  25:Core/Src/stm32f0xx_hal_msp.c **** /* USER CODE END Includes */
  26:Core/Src/stm32f0xx_hal_msp.c **** 
  27:Core/Src/stm32f0xx_hal_msp.c **** /* Private typedef -----------------------------------------------------------*/
  28:Core/Src/stm32f0xx_hal_msp.c **** /* USER CODE BEGIN TD */
  29:Core/Src/stm32f0xx_hal_msp.c **** 
  30:Core/Src/stm32f0xx_hal_msp.c **** /* USER CODE END TD */
  31:Core/Src/stm32f0xx_hal_msp.c **** 
  32:Core/Src/stm32f0xx_hal_msp.c **** /* Private define ------------------------------------------------------------*/
ARM GAS  C:\Users\mphoc\AppData\Local\Temp\ccIsCdeP.s 			page 2


  33:Core/Src/stm32f0xx_hal_msp.c **** /* USER CODE BEGIN Define */
  34:Core/Src/stm32f0xx_hal_msp.c **** 
  35:Core/Src/stm32f0xx_hal_msp.c **** /* USER CODE END Define */
  36:Core/Src/stm32f0xx_hal_msp.c **** 
  37:Core/Src/stm32f0xx_hal_msp.c **** /* Private macro -------------------------------------------------------------*/
  38:Core/Src/stm32f0xx_hal_msp.c **** /* USER CODE BEGIN Macro */
  39:Core/Src/stm32f0xx_hal_msp.c **** 
  40:Core/Src/stm32f0xx_hal_msp.c **** /* USER CODE END Macro */
  41:Core/Src/stm32f0xx_hal_msp.c **** 
  42:Core/Src/stm32f0xx_hal_msp.c **** /* Private variables ---------------------------------------------------------*/
  43:Core/Src/stm32f0xx_hal_msp.c **** /* USER CODE BEGIN PV */
  44:Core/Src/stm32f0xx_hal_msp.c **** 
  45:Core/Src/stm32f0xx_hal_msp.c **** /* USER CODE END PV */
  46:Core/Src/stm32f0xx_hal_msp.c **** 
  47:Core/Src/stm32f0xx_hal_msp.c **** /* Private function prototypes -----------------------------------------------*/
  48:Core/Src/stm32f0xx_hal_msp.c **** /* USER CODE BEGIN PFP */
  49:Core/Src/stm32f0xx_hal_msp.c **** 
  50:Core/Src/stm32f0xx_hal_msp.c **** /* USER CODE END PFP */
  51:Core/Src/stm32f0xx_hal_msp.c **** 
  52:Core/Src/stm32f0xx_hal_msp.c **** /* External functions --------------------------------------------------------*/
  53:Core/Src/stm32f0xx_hal_msp.c **** /* USER CODE BEGIN ExternalFunctions */
  54:Core/Src/stm32f0xx_hal_msp.c **** 
  55:Core/Src/stm32f0xx_hal_msp.c **** /* USER CODE END ExternalFunctions */
  56:Core/Src/stm32f0xx_hal_msp.c **** 
  57:Core/Src/stm32f0xx_hal_msp.c **** /* USER CODE BEGIN 0 */
  58:Core/Src/stm32f0xx_hal_msp.c **** 
  59:Core/Src/stm32f0xx_hal_msp.c **** /* USER CODE END 0 */
  60:Core/Src/stm32f0xx_hal_msp.c **** /**
  61:Core/Src/stm32f0xx_hal_msp.c ****   * Initializes the Global MSP.
  62:Core/Src/stm32f0xx_hal_msp.c ****   */
  63:Core/Src/stm32f0xx_hal_msp.c **** void HAL_MspInit(void)
  64:Core/Src/stm32f0xx_hal_msp.c **** {
  27              		.loc 1 64 1 view -0
  28              		.cfi_startproc
  29              		@ args = 0, pretend = 0, frame = 8
  30              		@ frame_needed = 0, uses_anonymous_args = 0
  31              		@ link register save eliminated.
  32 0000 82B0     		sub	sp, sp, #8
  33              	.LCFI0:
  34              		.cfi_def_cfa_offset 8
  65:Core/Src/stm32f0xx_hal_msp.c **** 
  66:Core/Src/stm32f0xx_hal_msp.c ****   /* USER CODE BEGIN MspInit 0 */
  67:Core/Src/stm32f0xx_hal_msp.c **** 
  68:Core/Src/stm32f0xx_hal_msp.c ****   /* USER CODE END MspInit 0 */
  69:Core/Src/stm32f0xx_hal_msp.c **** 
  70:Core/Src/stm32f0xx_hal_msp.c ****   __HAL_RCC_SYSCFG_CLK_ENABLE();
  35              		.loc 1 70 3 view .LVU1
  36              	.LBB2:
  37              		.loc 1 70 3 view .LVU2
  38              		.loc 1 70 3 view .LVU3
  39 0002 0A4B     		ldr	r3, .L2
  40 0004 9969     		ldr	r1, [r3, #24]
  41 0006 0122     		movs	r2, #1
  42 0008 1143     		orrs	r1, r2
  43 000a 9961     		str	r1, [r3, #24]
  44              		.loc 1 70 3 view .LVU4
  45 000c 9969     		ldr	r1, [r3, #24]
ARM GAS  C:\Users\mphoc\AppData\Local\Temp\ccIsCdeP.s 			page 3


  46 000e 0A40     		ands	r2, r1
  47 0010 0092     		str	r2, [sp]
  48              		.loc 1 70 3 view .LVU5
  49 0012 009A     		ldr	r2, [sp]
  50              	.LBE2:
  51              		.loc 1 70 3 view .LVU6
  71:Core/Src/stm32f0xx_hal_msp.c ****   __HAL_RCC_PWR_CLK_ENABLE();
  52              		.loc 1 71 3 view .LVU7
  53              	.LBB3:
  54              		.loc 1 71 3 view .LVU8
  55              		.loc 1 71 3 view .LVU9
  56 0014 DA69     		ldr	r2, [r3, #28]
  57 0016 8021     		movs	r1, #128
  58 0018 4905     		lsls	r1, r1, #21
  59 001a 0A43     		orrs	r2, r1
  60 001c DA61     		str	r2, [r3, #28]
  61              		.loc 1 71 3 view .LVU10
  62 001e DB69     		ldr	r3, [r3, #28]
  63 0020 0B40     		ands	r3, r1
  64 0022 0193     		str	r3, [sp, #4]
  65              		.loc 1 71 3 view .LVU11
  66 0024 019B     		ldr	r3, [sp, #4]
  67              	.LBE3:
  68              		.loc 1 71 3 view .LVU12
  72:Core/Src/stm32f0xx_hal_msp.c **** 
  73:Core/Src/stm32f0xx_hal_msp.c ****   /* System interrupt init*/
  74:Core/Src/stm32f0xx_hal_msp.c **** 
  75:Core/Src/stm32f0xx_hal_msp.c ****   /* USER CODE BEGIN MspInit 1 */
  76:Core/Src/stm32f0xx_hal_msp.c **** 
  77:Core/Src/stm32f0xx_hal_msp.c ****   /* USER CODE END MspInit 1 */
  78:Core/Src/stm32f0xx_hal_msp.c **** }
  69              		.loc 1 78 1 is_stmt 0 view .LVU13
  70 0026 02B0     		add	sp, sp, #8
  71              		@ sp needed
  72 0028 7047     		bx	lr
  73              	.L3:
  74 002a C046     		.align	2
  75              	.L2:
  76 002c 00100240 		.word	1073876992
  77              		.cfi_endproc
  78              	.LFE343:
  80              		.section	.text.HAL_TIM_Base_MspInit,"ax",%progbits
  81              		.align	1
  82              		.global	HAL_TIM_Base_MspInit
  83              		.syntax unified
  84              		.code	16
  85              		.thumb_func
  87              	HAL_TIM_Base_MspInit:
  88              	.LVL0:
  89              	.LFB344:
  79:Core/Src/stm32f0xx_hal_msp.c **** 
  80:Core/Src/stm32f0xx_hal_msp.c **** /**
  81:Core/Src/stm32f0xx_hal_msp.c **** * @brief TIM_Base MSP Initialization
  82:Core/Src/stm32f0xx_hal_msp.c **** * This function configures the hardware resources used in this example
  83:Core/Src/stm32f0xx_hal_msp.c **** * @param htim_base: TIM_Base handle pointer
  84:Core/Src/stm32f0xx_hal_msp.c **** * @retval None
  85:Core/Src/stm32f0xx_hal_msp.c **** */
ARM GAS  C:\Users\mphoc\AppData\Local\Temp\ccIsCdeP.s 			page 4


  86:Core/Src/stm32f0xx_hal_msp.c **** void HAL_TIM_Base_MspInit(TIM_HandleTypeDef* htim_base)
  87:Core/Src/stm32f0xx_hal_msp.c **** {
  90              		.loc 1 87 1 is_stmt 1 view -0
  91              		.cfi_startproc
  92              		@ args = 0, pretend = 0, frame = 8
  93              		@ frame_needed = 0, uses_anonymous_args = 0
  94              		@ link register save eliminated.
  95              		.loc 1 87 1 is_stmt 0 view .LVU15
  96 0000 82B0     		sub	sp, sp, #8
  97              	.LCFI1:
  98              		.cfi_def_cfa_offset 8
  88:Core/Src/stm32f0xx_hal_msp.c ****   if(htim_base->Instance==TIM16)
  99              		.loc 1 88 3 is_stmt 1 view .LVU16
 100              		.loc 1 88 15 is_stmt 0 view .LVU17
 101 0002 0268     		ldr	r2, [r0]
 102              		.loc 1 88 5 view .LVU18
 103 0004 074B     		ldr	r3, .L7
 104 0006 9A42     		cmp	r2, r3
 105 0008 01D0     		beq	.L6
 106              	.L4:
  89:Core/Src/stm32f0xx_hal_msp.c ****   {
  90:Core/Src/stm32f0xx_hal_msp.c ****   /* USER CODE BEGIN TIM16_MspInit 0 */
  91:Core/Src/stm32f0xx_hal_msp.c **** 
  92:Core/Src/stm32f0xx_hal_msp.c ****   /* USER CODE END TIM16_MspInit 0 */
  93:Core/Src/stm32f0xx_hal_msp.c ****     /* Peripheral clock enable */
  94:Core/Src/stm32f0xx_hal_msp.c ****     __HAL_RCC_TIM16_CLK_ENABLE();
  95:Core/Src/stm32f0xx_hal_msp.c ****   /* USER CODE BEGIN TIM16_MspInit 1 */
  96:Core/Src/stm32f0xx_hal_msp.c **** 
  97:Core/Src/stm32f0xx_hal_msp.c ****   /* USER CODE END TIM16_MspInit 1 */
  98:Core/Src/stm32f0xx_hal_msp.c ****   }
  99:Core/Src/stm32f0xx_hal_msp.c **** 
 100:Core/Src/stm32f0xx_hal_msp.c **** }
 107              		.loc 1 100 1 view .LVU19
 108 000a 02B0     		add	sp, sp, #8
 109              		@ sp needed
 110 000c 7047     		bx	lr
 111              	.L6:
  94:Core/Src/stm32f0xx_hal_msp.c ****   /* USER CODE BEGIN TIM16_MspInit 1 */
 112              		.loc 1 94 5 is_stmt 1 view .LVU20
 113              	.LBB4:
  94:Core/Src/stm32f0xx_hal_msp.c ****   /* USER CODE BEGIN TIM16_MspInit 1 */
 114              		.loc 1 94 5 view .LVU21
  94:Core/Src/stm32f0xx_hal_msp.c ****   /* USER CODE BEGIN TIM16_MspInit 1 */
 115              		.loc 1 94 5 view .LVU22
 116 000e 064B     		ldr	r3, .L7+4
 117 0010 9A69     		ldr	r2, [r3, #24]
 118 0012 8021     		movs	r1, #128
 119 0014 8902     		lsls	r1, r1, #10
 120 0016 0A43     		orrs	r2, r1
 121 0018 9A61     		str	r2, [r3, #24]
  94:Core/Src/stm32f0xx_hal_msp.c ****   /* USER CODE BEGIN TIM16_MspInit 1 */
 122              		.loc 1 94 5 view .LVU23
 123 001a 9B69     		ldr	r3, [r3, #24]
 124 001c 0B40     		ands	r3, r1
 125 001e 0193     		str	r3, [sp, #4]
  94:Core/Src/stm32f0xx_hal_msp.c ****   /* USER CODE BEGIN TIM16_MspInit 1 */
 126              		.loc 1 94 5 view .LVU24
ARM GAS  C:\Users\mphoc\AppData\Local\Temp\ccIsCdeP.s 			page 5


 127 0020 019B     		ldr	r3, [sp, #4]
 128              	.LBE4:
  94:Core/Src/stm32f0xx_hal_msp.c ****   /* USER CODE BEGIN TIM16_MspInit 1 */
 129              		.loc 1 94 5 view .LVU25
 130              		.loc 1 100 1 is_stmt 0 view .LVU26
 131 0022 F2E7     		b	.L4
 132              	.L8:
 133              		.align	2
 134              	.L7:
 135 0024 00440140 		.word	1073824768
 136 0028 00100240 		.word	1073876992
 137              		.cfi_endproc
 138              	.LFE344:
 140              		.section	.text.HAL_TIM_Base_MspDeInit,"ax",%progbits
 141              		.align	1
 142              		.global	HAL_TIM_Base_MspDeInit
 143              		.syntax unified
 144              		.code	16
 145              		.thumb_func
 147              	HAL_TIM_Base_MspDeInit:
 148              	.LVL1:
 149              	.LFB345:
 101:Core/Src/stm32f0xx_hal_msp.c **** 
 102:Core/Src/stm32f0xx_hal_msp.c **** /**
 103:Core/Src/stm32f0xx_hal_msp.c **** * @brief TIM_Base MSP De-Initialization
 104:Core/Src/stm32f0xx_hal_msp.c **** * This function freeze the hardware resources used in this example
 105:Core/Src/stm32f0xx_hal_msp.c **** * @param htim_base: TIM_Base handle pointer
 106:Core/Src/stm32f0xx_hal_msp.c **** * @retval None
 107:Core/Src/stm32f0xx_hal_msp.c **** */
 108:Core/Src/stm32f0xx_hal_msp.c **** void HAL_TIM_Base_MspDeInit(TIM_HandleTypeDef* htim_base)
 109:Core/Src/stm32f0xx_hal_msp.c **** {
 150              		.loc 1 109 1 is_stmt 1 view -0
 151              		.cfi_startproc
 152              		@ args = 0, pretend = 0, frame = 0
 153              		@ frame_needed = 0, uses_anonymous_args = 0
 154              		@ link register save eliminated.
 110:Core/Src/stm32f0xx_hal_msp.c ****   if(htim_base->Instance==TIM16)
 155              		.loc 1 110 3 view .LVU28
 156              		.loc 1 110 15 is_stmt 0 view .LVU29
 157 0000 0268     		ldr	r2, [r0]
 158              		.loc 1 110 5 view .LVU30
 159 0002 054B     		ldr	r3, .L12
 160 0004 9A42     		cmp	r2, r3
 161 0006 00D0     		beq	.L11
 162              	.L9:
 111:Core/Src/stm32f0xx_hal_msp.c ****   {
 112:Core/Src/stm32f0xx_hal_msp.c ****   /* USER CODE BEGIN TIM16_MspDeInit 0 */
 113:Core/Src/stm32f0xx_hal_msp.c **** 
 114:Core/Src/stm32f0xx_hal_msp.c ****   /* USER CODE END TIM16_MspDeInit 0 */
 115:Core/Src/stm32f0xx_hal_msp.c ****     /* Peripheral clock disable */
 116:Core/Src/stm32f0xx_hal_msp.c ****     __HAL_RCC_TIM16_CLK_DISABLE();
 117:Core/Src/stm32f0xx_hal_msp.c ****   /* USER CODE BEGIN TIM16_MspDeInit 1 */
 118:Core/Src/stm32f0xx_hal_msp.c **** 
 119:Core/Src/stm32f0xx_hal_msp.c ****   /* USER CODE END TIM16_MspDeInit 1 */
 120:Core/Src/stm32f0xx_hal_msp.c ****   }
 121:Core/Src/stm32f0xx_hal_msp.c **** 
 122:Core/Src/stm32f0xx_hal_msp.c **** }
ARM GAS  C:\Users\mphoc\AppData\Local\Temp\ccIsCdeP.s 			page 6


 163              		.loc 1 122 1 view .LVU31
 164              		@ sp needed
 165 0008 7047     		bx	lr
 166              	.L11:
 116:Core/Src/stm32f0xx_hal_msp.c ****   /* USER CODE BEGIN TIM16_MspDeInit 1 */
 167              		.loc 1 116 5 is_stmt 1 view .LVU32
 168 000a 044A     		ldr	r2, .L12+4
 169 000c 9369     		ldr	r3, [r2, #24]
 170 000e 0449     		ldr	r1, .L12+8
 171 0010 0B40     		ands	r3, r1
 172 0012 9361     		str	r3, [r2, #24]
 173              		.loc 1 122 1 is_stmt 0 view .LVU33
 174 0014 F8E7     		b	.L9
 175              	.L13:
 176 0016 C046     		.align	2
 177              	.L12:
 178 0018 00440140 		.word	1073824768
 179 001c 00100240 		.word	1073876992
 180 0020 FFFFFDFF 		.word	-131073
 181              		.cfi_endproc
 182              	.LFE345:
 184              		.text
 185              	.Letext0:
 186              		.file 2 "C:\\ST\\STM32CubeIDE_1.16.0\\STM32CubeIDE\\plugins\\com.st.stm32cube.ide.mcu.externaltool
 187              		.file 3 "C:\\ST\\STM32CubeIDE_1.16.0\\STM32CubeIDE\\plugins\\com.st.stm32cube.ide.mcu.externaltool
 188              		.file 4 "Drivers/CMSIS/Device/ST/STM32F0xx/Include/stm32f051x8.h"
 189              		.file 5 "Drivers/STM32F0xx_HAL_Driver/Inc/stm32f0xx_hal_def.h"
 190              		.file 6 "Drivers/STM32F0xx_HAL_Driver/Inc/stm32f0xx_hal_dma.h"
 191              		.file 7 "Drivers/STM32F0xx_HAL_Driver/Inc/stm32f0xx_hal_tim.h"
 192              		.file 8 "Drivers/STM32F0xx_HAL_Driver/Inc/stm32f0xx_ll_dma.h"
ARM GAS  C:\Users\mphoc\AppData\Local\Temp\ccIsCdeP.s 			page 7


DEFINED SYMBOLS
                            *ABS*:00000000 stm32f0xx_hal_msp.c
C:\Users\mphoc\AppData\Local\Temp\ccIsCdeP.s:19     .text.HAL_MspInit:00000000 $t
C:\Users\mphoc\AppData\Local\Temp\ccIsCdeP.s:25     .text.HAL_MspInit:00000000 HAL_MspInit
C:\Users\mphoc\AppData\Local\Temp\ccIsCdeP.s:76     .text.HAL_MspInit:0000002c $d
C:\Users\mphoc\AppData\Local\Temp\ccIsCdeP.s:81     .text.HAL_TIM_Base_MspInit:00000000 $t
C:\Users\mphoc\AppData\Local\Temp\ccIsCdeP.s:87     .text.HAL_TIM_Base_MspInit:00000000 HAL_TIM_Base_MspInit
C:\Users\mphoc\AppData\Local\Temp\ccIsCdeP.s:135    .text.HAL_TIM_Base_MspInit:00000024 $d
C:\Users\mphoc\AppData\Local\Temp\ccIsCdeP.s:141    .text.HAL_TIM_Base_MspDeInit:00000000 $t
C:\Users\mphoc\AppData\Local\Temp\ccIsCdeP.s:147    .text.HAL_TIM_Base_MspDeInit:00000000 HAL_TIM_Base_MspDeInit
C:\Users\mphoc\AppData\Local\Temp\ccIsCdeP.s:178    .text.HAL_TIM_Base_MspDeInit:00000018 $d

NO UNDEFINED SYMBOLS
